<?xml version="1.0" encoding="UTF-8"?>
<coverage generated="1746872160503" clover="3.2.0">
  <project timestamp="1746872160503" name="All files">
    <metrics statements="12" coveredstatements="12" conditionals="12" coveredconditionals="11" methods="1" coveredmethods="1" elements="25" coveredelements="24" complexity="0" loc="12" ncloc="12" packages="1" files="1" classes="1"/>
    <file name="calcGastoCombustivelPorKM.js" path="C:\Users\Dell\OneDrive\Documents\testes_combustivel_nodejs\calcGastoCombustivelPorKM.js">
      <metrics statements="12" coveredstatements="12" conditionals="12" coveredconditionals="11" methods="1" coveredmethods="1"/>
      <line num="2" count="5" type="cond" truecount="4" falsecount="0"/>
      <line num="3" count="1" type="stmt"/>
      <line num="6" count="4" type="cond" truecount="4" falsecount="0"/>
      <line num="7" count="1" type="stmt"/>
      <line num="11" count="3" type="cond" truecount="2" falsecount="0"/>
      <line num="12" count="2" type="stmt"/>
      <line num="13" count="1" type="cond" truecount="1" falsecount="1"/>
      <line num="14" count="1" type="stmt"/>
      <line num="17" count="3" type="stmt"/>
      <line num="19" count="3" type="stmt"/>
      <line num="21" count="3" type="stmt"/>
      <line num="24" count="1" type="stmt"/>
    </file>
  </project>
</coverage>
